[2021-06-22 16:06:50,710] multiqc                                            [DEBUG  ]  No MultiQC config found: /home/alessandro/miniconda3/envs/rnaseq/lib/python3.7/site-packages/multiqc_config.yaml
[2021-06-22 16:06:50,710] multiqc                                            [DEBUG  ]  No MultiQC config found: /home/alessandro/.multiqc_config.yaml
[2021-06-22 16:06:50,711] multiqc                                            [DEBUG  ]  No MultiQC config found: multiqc_config.yaml
[2021-06-22 16:06:50,711] multiqc                                            [DEBUG  ]  Command used: /home/alessandro/miniconda3/envs/rnaseq/bin/multiqc .
[2021-06-22 16:06:51,406] multiqc                                            [DEBUG  ]  Latest MultiQC version is v1.10.1
[2021-06-22 16:06:51,406] multiqc                                            [INFO   ]  This is MultiQC v1.10.1
[2021-06-22 16:06:51,406] multiqc                                            [DEBUG  ]  Command     : /home/alessandro/miniconda3/envs/rnaseq/bin/multiqc .
[2021-06-22 16:06:51,406] multiqc                                            [DEBUG  ]  Working dir : /home/alessandro/share/RNAseq Analysis/data
[2021-06-22 16:06:51,406] multiqc                                            [INFO   ]  Template    : default
[2021-06-22 16:06:51,406] multiqc                                            [DEBUG  ]  Running Python 3.7.10 | packaged by conda-forge | (default, Feb 19 2021, 16:07:37)  [GCC 9.3.0]
[2021-06-22 16:06:51,406] multiqc                                            [INFO   ]  Searching   : /home/alessandro/share/RNAseq Analysis/data
[2021-06-22 16:06:51,407] multiqc                                            [DEBUG  ]  Analysing modules: custom_content, ngsderive, purple, conpair, peddy, somalier, methylQA, mosdepth, phantompeakqualtools, qualimap, preseq, quast, qorts, rna_seqc, rockhopper, rsem, rseqc, busco, goleft_indexcov, disambiguate, supernova, deeptools, sargasso, verifybamid, mirtrace, happy, mirtop, homer, hops, macs2, theta2, snpeff, gatk, htseq, bcftools, featureCounts, fgbio, dragen, dedup, damageprofiler, biobambam2, jcvi, mtnucratio, picard, sentieon, prokka, qc3C, samblaster, samtools, sexdeterrmine, eigenstratdatabasetools, bamtools, jellyfish, vcftools, longranger, stacks, varscan2, bbmap, bismark, biscuit, hicexplorer, hicup, hicpro, salmon, kallisto, slamdunk, star, hisat2, tophat, bowtie2, bowtie1, snpsplit, kat, leehom, adapterRemoval, clipandmerge, cutadapt, flexbar, kaiju, kraken, malt, trimmomatic, sickle, skewer, sortmerna, biobloomtools, fastq_screen, afterqc, fastp, fastqc, pychopper, pycoqc, minionqc, multivcfanalyzer, clusterflow, bcl2fastq, interop, ivar, flash, seqyclean, optitype
[2021-06-22 16:06:51,407] multiqc                                            [DEBUG  ]  Using temporary directory for creating report: /tmp/tmpxpm26_z3
[2021-06-22 16:06:51,601] multiqc                                            [DEBUG  ]  Ignoring file as matched an ignore pattern: SRR5486478.fastq.gz
[2021-06-22 16:06:51,603] multiqc                                            [DEBUG  ]  Ignoring file as matched an ignore pattern: SRR5486479.fastq.gz
[2021-06-22 16:06:51,603] multiqc                                            [DEBUG  ]  Ignoring file as matched an ignore pattern: SRR5486480.fastq.gz
[2021-06-22 16:06:51,609] multiqc                                            [DEBUG  ]  Ignoring file as matched an ignore pattern: SRR5486481.fastq.gz
[2021-06-22 16:06:51,610] multiqc                                            [DEBUG  ]  Ignoring file as matched an ignore pattern: SRR5486482.fastq.gz
[2021-06-22 16:06:51,610] multiqc                                            [DEBUG  ]  Ignoring file as matched an ignore pattern: SRR5486483.fastq.gz
[2021-06-22 16:06:51,611] multiqc                                            [DEBUG  ]  Ignoring file as matched an ignore pattern: SRR5486484.fastq.gz
[2021-06-22 16:06:51,611] multiqc                                            [DEBUG  ]  Ignoring file as matched an ignore pattern: SRR5486485.fastq.gz
[2021-06-22 16:06:51,611] multiqc                                            [DEBUG  ]  Ignoring file as matched an ignore pattern: SRR5486486.fastq.gz
[2021-06-22 16:06:51,612] multiqc                                            [DEBUG  ]  Ignoring file as matched an ignore pattern: SRR5486487.fastq.gz
[2021-06-22 16:06:51,612] multiqc                                            [DEBUG  ]  Ignoring file as matched an ignore pattern: SRR5486488.fastq.gz
[2021-06-22 16:06:51,612] multiqc                                            [DEBUG  ]  Ignoring file as matched an ignore pattern: SRR5486489.fastq.gz
[2021-06-22 16:06:51,684] multiqc                                            [DEBUG  ]  File ignored by hicexplorer because it exceeded search pattern filesize limit: SRR5486478_fastqc.html
[2021-06-22 16:06:51,702] multiqc                                            [DEBUG  ]  File ignored by longranger/invocation because it exceeded search pattern filesize limit: SRR5486478_fastqc.html
[2021-06-22 16:06:51,702] multiqc                                            [DEBUG  ]  File ignored by rockhopper because it exceeded search pattern filesize limit: SRR5486478_fastqc.html
[2021-06-22 16:06:51,702] multiqc                                            [DEBUG  ]  File ignored by rseqc/bam_stat because it exceeded search pattern filesize limit: SRR5486478_fastqc.html
[2021-06-22 16:06:51,702] multiqc                                            [DEBUG  ]  File ignored by rseqc/junction_annotation because it exceeded search pattern filesize limit: SRR5486478_fastqc.html
[2021-06-22 16:06:51,703] multiqc                                            [DEBUG  ]  File ignored by rseqc/read_distribution because it exceeded search pattern filesize limit: SRR5486478_fastqc.html
[2021-06-22 16:06:51,703] multiqc                                            [DEBUG  ]  File ignored by rseqc/infer_experiment because it exceeded search pattern filesize limit: SRR5486478_fastqc.html
[2021-06-22 16:06:52,026] multiqc                                            [DEBUG  ]  File ignored by hicexplorer because it exceeded search pattern filesize limit: SRR5486479_fastqc.html
[2021-06-22 16:06:52,040] multiqc                                            [DEBUG  ]  File ignored by longranger/invocation because it exceeded search pattern filesize limit: SRR5486479_fastqc.html
[2021-06-22 16:06:52,040] multiqc                                            [DEBUG  ]  File ignored by rockhopper because it exceeded search pattern filesize limit: SRR5486479_fastqc.html
[2021-06-22 16:06:52,040] multiqc                                            [DEBUG  ]  File ignored by rseqc/bam_stat because it exceeded search pattern filesize limit: SRR5486479_fastqc.html
[2021-06-22 16:06:52,040] multiqc                                            [DEBUG  ]  File ignored by rseqc/junction_annotation because it exceeded search pattern filesize limit: SRR5486479_fastqc.html
[2021-06-22 16:06:52,040] multiqc                                            [DEBUG  ]  File ignored by rseqc/read_distribution because it exceeded search pattern filesize limit: SRR5486479_fastqc.html
[2021-06-22 16:06:52,040] multiqc                                            [DEBUG  ]  File ignored by rseqc/infer_experiment because it exceeded search pattern filesize limit: SRR5486479_fastqc.html
[2021-06-22 16:06:52,365] multiqc                                            [DEBUG  ]  File ignored by hicexplorer because it exceeded search pattern filesize limit: SRR5486480_fastqc.html
[2021-06-22 16:06:52,376] multiqc                                            [DEBUG  ]  File ignored by longranger/invocation because it exceeded search pattern filesize limit: SRR5486480_fastqc.html
[2021-06-22 16:06:52,377] multiqc                                            [DEBUG  ]  File ignored by rockhopper because it exceeded search pattern filesize limit: SRR5486480_fastqc.html
[2021-06-22 16:06:52,377] multiqc                                            [DEBUG  ]  File ignored by rseqc/bam_stat because it exceeded search pattern filesize limit: SRR5486480_fastqc.html
[2021-06-22 16:06:52,377] multiqc                                            [DEBUG  ]  File ignored by rseqc/junction_annotation because it exceeded search pattern filesize limit: SRR5486480_fastqc.html
[2021-06-22 16:06:52,377] multiqc                                            [DEBUG  ]  File ignored by rseqc/read_distribution because it exceeded search pattern filesize limit: SRR5486480_fastqc.html
[2021-06-22 16:06:52,377] multiqc                                            [DEBUG  ]  File ignored by rseqc/infer_experiment because it exceeded search pattern filesize limit: SRR5486480_fastqc.html
[2021-06-22 16:06:52,696] multiqc                                            [DEBUG  ]  File ignored by hicexplorer because it exceeded search pattern filesize limit: SRR5486481_fastqc.html
[2021-06-22 16:06:52,708] multiqc                                            [DEBUG  ]  File ignored by longranger/invocation because it exceeded search pattern filesize limit: SRR5486481_fastqc.html
[2021-06-22 16:06:52,708] multiqc                                            [DEBUG  ]  File ignored by rockhopper because it exceeded search pattern filesize limit: SRR5486481_fastqc.html
[2021-06-22 16:06:52,708] multiqc                                            [DEBUG  ]  File ignored by rseqc/bam_stat because it exceeded search pattern filesize limit: SRR5486481_fastqc.html
[2021-06-22 16:06:52,709] multiqc                                            [DEBUG  ]  File ignored by rseqc/junction_annotation because it exceeded search pattern filesize limit: SRR5486481_fastqc.html
[2021-06-22 16:06:52,709] multiqc                                            [DEBUG  ]  File ignored by rseqc/read_distribution because it exceeded search pattern filesize limit: SRR5486481_fastqc.html
[2021-06-22 16:06:52,709] multiqc                                            [DEBUG  ]  File ignored by rseqc/infer_experiment because it exceeded search pattern filesize limit: SRR5486481_fastqc.html
[2021-06-22 16:06:53,036] multiqc                                            [DEBUG  ]  File ignored by hicexplorer because it exceeded search pattern filesize limit: SRR5486482_fastqc.html
[2021-06-22 16:06:53,051] multiqc                                            [DEBUG  ]  File ignored by longranger/invocation because it exceeded search pattern filesize limit: SRR5486482_fastqc.html
[2021-06-22 16:06:53,051] multiqc                                            [DEBUG  ]  File ignored by rockhopper because it exceeded search pattern filesize limit: SRR5486482_fastqc.html
[2021-06-22 16:06:53,051] multiqc                                            [DEBUG  ]  File ignored by rseqc/bam_stat because it exceeded search pattern filesize limit: SRR5486482_fastqc.html
[2021-06-22 16:06:53,051] multiqc                                            [DEBUG  ]  File ignored by rseqc/junction_annotation because it exceeded search pattern filesize limit: SRR5486482_fastqc.html
[2021-06-22 16:06:53,051] multiqc                                            [DEBUG  ]  File ignored by rseqc/read_distribution because it exceeded search pattern filesize limit: SRR5486482_fastqc.html
[2021-06-22 16:06:53,051] multiqc                                            [DEBUG  ]  File ignored by rseqc/infer_experiment because it exceeded search pattern filesize limit: SRR5486482_fastqc.html
[2021-06-22 16:06:53,364] multiqc                                            [DEBUG  ]  File ignored by hicexplorer because it exceeded search pattern filesize limit: SRR5486483_fastqc.html
[2021-06-22 16:06:53,377] multiqc                                            [DEBUG  ]  File ignored by longranger/invocation because it exceeded search pattern filesize limit: SRR5486483_fastqc.html
[2021-06-22 16:06:53,377] multiqc                                            [DEBUG  ]  File ignored by rockhopper because it exceeded search pattern filesize limit: SRR5486483_fastqc.html
[2021-06-22 16:06:53,377] multiqc                                            [DEBUG  ]  File ignored by rseqc/bam_stat because it exceeded search pattern filesize limit: SRR5486483_fastqc.html
[2021-06-22 16:06:53,377] multiqc                                            [DEBUG  ]  File ignored by rseqc/junction_annotation because it exceeded search pattern filesize limit: SRR5486483_fastqc.html
[2021-06-22 16:06:53,377] multiqc                                            [DEBUG  ]  File ignored by rseqc/read_distribution because it exceeded search pattern filesize limit: SRR5486483_fastqc.html
[2021-06-22 16:06:53,377] multiqc                                            [DEBUG  ]  File ignored by rseqc/infer_experiment because it exceeded search pattern filesize limit: SRR5486483_fastqc.html
[2021-06-22 16:06:53,694] multiqc                                            [DEBUG  ]  File ignored by hicexplorer because it exceeded search pattern filesize limit: SRR5486484_fastqc.html
[2021-06-22 16:06:53,706] multiqc                                            [DEBUG  ]  File ignored by longranger/invocation because it exceeded search pattern filesize limit: SRR5486484_fastqc.html
[2021-06-22 16:06:53,706] multiqc                                            [DEBUG  ]  File ignored by rockhopper because it exceeded search pattern filesize limit: SRR5486484_fastqc.html
[2021-06-22 16:06:53,706] multiqc                                            [DEBUG  ]  File ignored by rseqc/bam_stat because it exceeded search pattern filesize limit: SRR5486484_fastqc.html
[2021-06-22 16:06:53,706] multiqc                                            [DEBUG  ]  File ignored by rseqc/junction_annotation because it exceeded search pattern filesize limit: SRR5486484_fastqc.html
[2021-06-22 16:06:53,706] multiqc                                            [DEBUG  ]  File ignored by rseqc/read_distribution because it exceeded search pattern filesize limit: SRR5486484_fastqc.html
[2021-06-22 16:06:53,706] multiqc                                            [DEBUG  ]  File ignored by rseqc/infer_experiment because it exceeded search pattern filesize limit: SRR5486484_fastqc.html
[2021-06-22 16:06:54,033] multiqc                                            [DEBUG  ]  File ignored by hicexplorer because it exceeded search pattern filesize limit: SRR5486485_fastqc.html
[2021-06-22 16:06:54,045] multiqc                                            [DEBUG  ]  File ignored by longranger/invocation because it exceeded search pattern filesize limit: SRR5486485_fastqc.html
[2021-06-22 16:06:54,045] multiqc                                            [DEBUG  ]  File ignored by rockhopper because it exceeded search pattern filesize limit: SRR5486485_fastqc.html
[2021-06-22 16:06:54,045] multiqc                                            [DEBUG  ]  File ignored by rseqc/bam_stat because it exceeded search pattern filesize limit: SRR5486485_fastqc.html
[2021-06-22 16:06:54,045] multiqc                                            [DEBUG  ]  File ignored by rseqc/junction_annotation because it exceeded search pattern filesize limit: SRR5486485_fastqc.html
[2021-06-22 16:06:54,045] multiqc                                            [DEBUG  ]  File ignored by rseqc/read_distribution because it exceeded search pattern filesize limit: SRR5486485_fastqc.html
[2021-06-22 16:06:54,045] multiqc                                            [DEBUG  ]  File ignored by rseqc/infer_experiment because it exceeded search pattern filesize limit: SRR5486485_fastqc.html
[2021-06-22 16:06:54,369] multiqc                                            [DEBUG  ]  File ignored by hicexplorer because it exceeded search pattern filesize limit: SRR5486486_fastqc.html
[2021-06-22 16:06:54,382] multiqc                                            [DEBUG  ]  File ignored by longranger/invocation because it exceeded search pattern filesize limit: SRR5486486_fastqc.html
[2021-06-22 16:06:54,382] multiqc                                            [DEBUG  ]  File ignored by rockhopper because it exceeded search pattern filesize limit: SRR5486486_fastqc.html
[2021-06-22 16:06:54,382] multiqc                                            [DEBUG  ]  File ignored by rseqc/bam_stat because it exceeded search pattern filesize limit: SRR5486486_fastqc.html
[2021-06-22 16:06:54,383] multiqc                                            [DEBUG  ]  File ignored by rseqc/junction_annotation because it exceeded search pattern filesize limit: SRR5486486_fastqc.html
[2021-06-22 16:06:54,383] multiqc                                            [DEBUG  ]  File ignored by rseqc/read_distribution because it exceeded search pattern filesize limit: SRR5486486_fastqc.html
[2021-06-22 16:06:54,383] multiqc                                            [DEBUG  ]  File ignored by rseqc/infer_experiment because it exceeded search pattern filesize limit: SRR5486486_fastqc.html
[2021-06-22 16:06:54,700] multiqc                                            [DEBUG  ]  File ignored by hicexplorer because it exceeded search pattern filesize limit: SRR5486487_fastqc.html
[2021-06-22 16:06:54,715] multiqc                                            [DEBUG  ]  File ignored by longranger/invocation because it exceeded search pattern filesize limit: SRR5486487_fastqc.html
[2021-06-22 16:06:54,715] multiqc                                            [DEBUG  ]  File ignored by rockhopper because it exceeded search pattern filesize limit: SRR5486487_fastqc.html
[2021-06-22 16:06:54,715] multiqc                                            [DEBUG  ]  File ignored by rseqc/bam_stat because it exceeded search pattern filesize limit: SRR5486487_fastqc.html
[2021-06-22 16:06:54,715] multiqc                                            [DEBUG  ]  File ignored by rseqc/junction_annotation because it exceeded search pattern filesize limit: SRR5486487_fastqc.html
[2021-06-22 16:06:54,716] multiqc                                            [DEBUG  ]  File ignored by rseqc/read_distribution because it exceeded search pattern filesize limit: SRR5486487_fastqc.html
[2021-06-22 16:06:54,716] multiqc                                            [DEBUG  ]  File ignored by rseqc/infer_experiment because it exceeded search pattern filesize limit: SRR5486487_fastqc.html
[2021-06-22 16:06:55,033] multiqc                                            [DEBUG  ]  File ignored by hicexplorer because it exceeded search pattern filesize limit: SRR5486488_fastqc.html
[2021-06-22 16:06:55,045] multiqc                                            [DEBUG  ]  File ignored by longranger/invocation because it exceeded search pattern filesize limit: SRR5486488_fastqc.html
[2021-06-22 16:06:55,045] multiqc                                            [DEBUG  ]  File ignored by rockhopper because it exceeded search pattern filesize limit: SRR5486488_fastqc.html
[2021-06-22 16:06:55,045] multiqc                                            [DEBUG  ]  File ignored by rseqc/bam_stat because it exceeded search pattern filesize limit: SRR5486488_fastqc.html
[2021-06-22 16:06:55,045] multiqc                                            [DEBUG  ]  File ignored by rseqc/junction_annotation because it exceeded search pattern filesize limit: SRR5486488_fastqc.html
[2021-06-22 16:06:55,045] multiqc                                            [DEBUG  ]  File ignored by rseqc/read_distribution because it exceeded search pattern filesize limit: SRR5486488_fastqc.html
[2021-06-22 16:06:55,045] multiqc                                            [DEBUG  ]  File ignored by rseqc/infer_experiment because it exceeded search pattern filesize limit: SRR5486488_fastqc.html
[2021-06-22 16:06:55,354] multiqc                                            [DEBUG  ]  File ignored by hicexplorer because it exceeded search pattern filesize limit: SRR5486489_fastqc.html
[2021-06-22 16:06:55,365] multiqc                                            [DEBUG  ]  File ignored by longranger/invocation because it exceeded search pattern filesize limit: SRR5486489_fastqc.html
[2021-06-22 16:06:55,365] multiqc                                            [DEBUG  ]  File ignored by rockhopper because it exceeded search pattern filesize limit: SRR5486489_fastqc.html
[2021-06-22 16:06:55,365] multiqc                                            [DEBUG  ]  File ignored by rseqc/bam_stat because it exceeded search pattern filesize limit: SRR5486489_fastqc.html
[2021-06-22 16:06:55,365] multiqc                                            [DEBUG  ]  File ignored by rseqc/junction_annotation because it exceeded search pattern filesize limit: SRR5486489_fastqc.html
[2021-06-22 16:06:55,365] multiqc                                            [DEBUG  ]  File ignored by rseqc/read_distribution because it exceeded search pattern filesize limit: SRR5486489_fastqc.html
[2021-06-22 16:06:55,365] multiqc                                            [DEBUG  ]  File ignored by rseqc/infer_experiment because it exceeded search pattern filesize limit: SRR5486489_fastqc.html
[2021-06-22 16:06:57,568] multiqc.plots.bargraph                             [DEBUG  ]  Using matplotlib version 3.4.2
[2021-06-22 16:06:57,568] multiqc.plots.linegraph                            [DEBUG  ]  Using matplotlib version 3.4.2
[2021-06-22 16:06:57,569] multiqc                                            [DEBUG  ]  No samples found: custom_content
[2021-06-22 16:06:57,575] multiqc                                            [DEBUG  ]  No samples found: ngsderive
[2021-06-22 16:06:57,581] multiqc                                            [DEBUG  ]  No samples found: purple
[2021-06-22 16:06:57,587] multiqc                                            [DEBUG  ]  No samples found: conpair
[2021-06-22 16:06:57,593] multiqc                                            [DEBUG  ]  No samples found: peddy
[2021-06-22 16:06:57,599] multiqc                                            [DEBUG  ]  No samples found: somalier
[2021-06-22 16:06:57,605] multiqc                                            [DEBUG  ]  No samples found: methylQA
[2021-06-22 16:06:57,611] multiqc                                            [DEBUG  ]  No samples found: mosdepth
[2021-06-22 16:06:57,617] multiqc                                            [DEBUG  ]  No samples found: phantompeakqualtools
[2021-06-22 16:06:57,622] multiqc                                            [DEBUG  ]  No samples found: qualimap
[2021-06-22 16:06:57,628] multiqc                                            [DEBUG  ]  No samples found: preseq
[2021-06-22 16:06:57,634] multiqc                                            [DEBUG  ]  No samples found: quast
[2021-06-22 16:06:57,640] multiqc                                            [DEBUG  ]  No samples found: qorts
[2021-06-22 16:06:57,645] multiqc                                            [DEBUG  ]  No samples found: rna_seqc
[2021-06-22 16:06:57,651] multiqc                                            [DEBUG  ]  No samples found: rockhopper
[2021-06-22 16:06:57,657] multiqc                                            [DEBUG  ]  No samples found: rsem
[2021-06-22 16:06:57,664] multiqc                                            [DEBUG  ]  No samples found: rseqc
[2021-06-22 16:06:57,670] multiqc                                            [DEBUG  ]  No samples found: busco
[2021-06-22 16:06:57,675] multiqc                                            [DEBUG  ]  No samples found: goleft_indexcov
[2021-06-22 16:06:57,681] multiqc                                            [DEBUG  ]  No samples found: disambiguate
[2021-06-22 16:06:57,687] multiqc                                            [DEBUG  ]  No samples found: supernova
[2021-06-22 16:06:57,695] multiqc                                            [DEBUG  ]  No samples found: deeptools
[2021-06-22 16:06:57,701] multiqc                                            [DEBUG  ]  No samples found: sargasso
[2021-06-22 16:06:57,707] multiqc                                            [DEBUG  ]  No samples found: verifybamid
[2021-06-22 16:06:57,713] multiqc                                            [DEBUG  ]  No samples found: mirtrace
[2021-06-22 16:06:57,718] multiqc                                            [DEBUG  ]  No samples found: happy
[2021-06-22 16:06:57,724] multiqc                                            [DEBUG  ]  No samples found: mirtop
[2021-06-22 16:06:57,730] multiqc                                            [DEBUG  ]  No samples found: homer
[2021-06-22 16:06:57,736] multiqc                                            [DEBUG  ]  No samples found: hops
[2021-06-22 16:06:57,742] multiqc                                            [DEBUG  ]  No samples found: macs2
[2021-06-22 16:06:57,747] multiqc                                            [DEBUG  ]  No samples found: theta2
[2021-06-22 16:06:57,753] multiqc                                            [DEBUG  ]  No samples found: snpeff
[2021-06-22 16:06:57,759] multiqc                                            [DEBUG  ]  No samples found: gatk
[2021-06-22 16:06:57,765] multiqc                                            [DEBUG  ]  No samples found: htseq
[2021-06-22 16:06:57,771] multiqc                                            [DEBUG  ]  No samples found: bcftools
[2021-06-22 16:06:57,777] multiqc                                            [DEBUG  ]  No samples found: featureCounts
[2021-06-22 16:06:57,790] multiqc                                            [DEBUG  ]  No samples found: fgbio
[2021-06-22 16:06:57,799] multiqc                                            [DEBUG  ]  No samples found: dragen
[2021-06-22 16:06:57,805] multiqc                                            [DEBUG  ]  No samples found: dedup
[2021-06-22 16:06:57,811] multiqc                                            [DEBUG  ]  No samples found: damageprofiler
[2021-06-22 16:06:57,821] multiqc                                            [DEBUG  ]  No samples found: biobambam2
[2021-06-22 16:06:57,827] multiqc                                            [DEBUG  ]  No samples found: jcvi
[2021-06-22 16:06:57,832] multiqc                                            [DEBUG  ]  No samples found: mtnucratio
[2021-06-22 16:06:57,838] multiqc                                            [DEBUG  ]  No samples found: picard
[2021-06-22 16:06:57,844] multiqc                                            [DEBUG  ]  No samples found: sentieon
[2021-06-22 16:06:57,850] multiqc                                            [DEBUG  ]  No samples found: prokka
[2021-06-22 16:06:57,855] multiqc                                            [DEBUG  ]  No samples found: qc3C
[2021-06-22 16:06:57,861] multiqc                                            [DEBUG  ]  No samples found: samblaster
[2021-06-22 16:06:57,868] multiqc                                            [DEBUG  ]  No samples found: samtools
[2021-06-22 16:06:57,873] multiqc                                            [DEBUG  ]  No samples found: sexdeterrmine
[2021-06-22 16:06:57,879] multiqc                                            [DEBUG  ]  No samples found: eigenstratdatabasetools
[2021-06-22 16:06:57,885] multiqc                                            [DEBUG  ]  No samples found: bamtools
[2021-06-22 16:06:57,891] multiqc                                            [DEBUG  ]  No samples found: jellyfish
[2021-06-22 16:06:57,897] multiqc                                            [DEBUG  ]  No samples found: vcftools
[2021-06-22 16:06:57,903] multiqc                                            [DEBUG  ]  No samples found: longranger
[2021-06-22 16:06:57,909] multiqc                                            [DEBUG  ]  No samples found: stacks
[2021-06-22 16:06:57,914] multiqc                                            [DEBUG  ]  No samples found: varscan2
[2021-06-22 16:06:57,922] multiqc                                            [DEBUG  ]  No samples found: bbmap
[2021-06-22 16:06:57,928] multiqc                                            [DEBUG  ]  No samples found: bismark
[2021-06-22 16:06:57,934] multiqc                                            [DEBUG  ]  No samples found: biscuit
[2021-06-22 16:06:57,940] multiqc                                            [DEBUG  ]  No samples found: hicexplorer
[2021-06-22 16:06:57,946] multiqc                                            [DEBUG  ]  No samples found: hicup
[2021-06-22 16:06:57,952] multiqc                                            [DEBUG  ]  No samples found: hicpro
[2021-06-22 16:06:57,957] multiqc                                            [DEBUG  ]  No samples found: salmon
[2021-06-22 16:06:57,963] multiqc                                            [DEBUG  ]  No samples found: kallisto
[2021-06-22 16:06:57,969] multiqc                                            [DEBUG  ]  No samples found: slamdunk
[2021-06-22 16:06:57,975] multiqc                                            [DEBUG  ]  No samples found: star
[2021-06-22 16:06:57,981] multiqc                                            [DEBUG  ]  No samples found: hisat2
[2021-06-22 16:06:57,986] multiqc                                            [DEBUG  ]  No samples found: tophat
[2021-06-22 16:06:57,992] multiqc                                            [DEBUG  ]  No samples found: bowtie2
[2021-06-22 16:06:57,998] multiqc                                            [DEBUG  ]  No samples found: bowtie1
[2021-06-22 16:06:58,003] multiqc                                            [DEBUG  ]  No samples found: snpsplit
[2021-06-22 16:06:58,009] multiqc                                            [DEBUG  ]  No samples found: kat
[2021-06-22 16:06:58,015] multiqc                                            [DEBUG  ]  No samples found: leehom
[2021-06-22 16:06:58,021] multiqc                                            [DEBUG  ]  No samples found: adapterRemoval
[2021-06-22 16:06:58,026] multiqc                                            [DEBUG  ]  No samples found: clipandmerge
[2021-06-22 16:06:58,032] multiqc                                            [DEBUG  ]  No samples found: cutadapt
[2021-06-22 16:06:58,038] multiqc                                            [DEBUG  ]  No samples found: flexbar
[2021-06-22 16:06:58,044] multiqc                                            [DEBUG  ]  No samples found: kaiju
[2021-06-22 16:06:58,050] multiqc                                            [DEBUG  ]  No samples found: kraken
[2021-06-22 16:06:58,055] multiqc                                            [DEBUG  ]  No samples found: malt
[2021-06-22 16:06:58,061] multiqc                                            [DEBUG  ]  No samples found: trimmomatic
[2021-06-22 16:06:58,067] multiqc                                            [DEBUG  ]  No samples found: sickle
[2021-06-22 16:06:58,072] multiqc                                            [DEBUG  ]  No samples found: skewer
[2021-06-22 16:06:58,078] multiqc                                            [DEBUG  ]  No samples found: sortmerna
[2021-06-22 16:06:58,084] multiqc                                            [DEBUG  ]  No samples found: biobloomtools
[2021-06-22 16:06:58,090] multiqc                                            [DEBUG  ]  No samples found: fastq_screen
[2021-06-22 16:06:58,095] multiqc                                            [DEBUG  ]  No samples found: afterqc
[2021-06-22 16:06:58,101] multiqc                                            [DEBUG  ]  No samples found: fastp
[2021-06-22 16:06:58,484] multiqc.modules.fastqc.fastqc                      [INFO   ]  Found 12 reports
[2021-06-22 16:06:58,696] multiqc                                            [DEBUG  ]  No samples found: pychopper
[2021-06-22 16:06:58,702] multiqc                                            [DEBUG  ]  No samples found: pycoqc
[2021-06-22 16:06:58,708] multiqc                                            [DEBUG  ]  No samples found: minionqc
[2021-06-22 16:06:58,714] multiqc                                            [DEBUG  ]  No samples found: multivcfanalyzer
[2021-06-22 16:06:58,720] multiqc                                            [DEBUG  ]  No samples found: clusterflow
[2021-06-22 16:06:58,726] multiqc                                            [DEBUG  ]  No samples found: bcl2fastq
[2021-06-22 16:06:58,732] multiqc                                            [DEBUG  ]  No samples found: interop
[2021-06-22 16:06:58,738] multiqc                                            [DEBUG  ]  No samples found: ivar
[2021-06-22 16:06:58,744] multiqc                                            [DEBUG  ]  No samples found: flash
[2021-06-22 16:06:58,749] multiqc                                            [DEBUG  ]  No samples found: seqyclean
[2021-06-22 16:06:58,755] multiqc                                            [DEBUG  ]  No samples found: optitype
[2021-06-22 16:06:58,777] multiqc                                            [INFO   ]  Compressing plot data
[2021-06-22 16:06:59,132] multiqc                                            [INFO   ]  Report      : multiqc_report.html
[2021-06-22 16:06:59,132] multiqc                                            [INFO   ]  Data        : multiqc_data
[2021-06-22 16:06:59,132] multiqc                                            [DEBUG  ]  Moving data file from '/tmp/tmpxpm26_z3/multiqc_data' to '/home/alessandro/share/RNAseq Analysis/data/multiqc_data'
[2021-06-22 16:06:59,320] multiqc                                            [INFO   ]  MultiQC complete
